[0m[[0m[0mdebug[0m] [0m[0m> Exec(;Test/compile; collectAnalyses, None, Some(CommandSource(network-1)))[0m
[0m[[0m[0mdebug[0m] [0m[0munmatched Processing event for requestId None: None[0m
[0m[[0m[0mdebug[0m] [0m[0munmatched Done event for requestId None: None[0m
[0m[[0m[0mdebug[0m] [0m[0m> Exec(Test/compile, None, Some(CommandSource(network-1)))[0m
[0m[[0m[0mdebug[0m] [0m[0munmatched Processing event for requestId None: None[0m
[0m[[0m[0mdebug[0m] [0m[0mEvaluating tasks: Test / compile[0m
[0m[[0m[0mdebug[0m] [0m[0mRunning task... Cancel: bloop.integrations.sbt.Offloader$$anon$1@9e62fb, check cycles: false, forcegc: true[0m
[0m[[0m[0mdebug[0m] [0m[0mjsonRpcNotify: JsonRpcNotificationMessage(2.0, build/taskStart, {"taskId":{"id":"4","parents":[]},"eventTime":1635349697902,"message":"Compiling project0","dataKind":"compile-task","data":{"target":{"uri":"file:/D:/scala/bin/Project0/#project0/Compile"}}})[0m
[0m[[0m[0minfo[0m] [0m[0mcompiling 1 Scala source to D:\scala\bin\Project0\target\scala-2.11\classes ...[0m
[0m[[0m[0mdebug[0m] [0m[0mjsonRpcNotify: JsonRpcNotificationMessage(2.0, build/logMessage, {"type":3,"message":"compiling 1 Scala source to D:\\scala\\bin\\Project0\\target\\scala-2.11\\classes ..."})[0m
[0m[[0m[0mdebug[0m] [0m[0mjsonRpcNotify: JsonRpcNotificationMessage(2.0, build/publishDiagnostics, {"textDocument":{"uri":"file:///D:/scala/bin/Project0/src/main/scala/Helper.scala"},"buildTarget":{"uri":"file:/D:/scala/bin/Project0/#project0/Compile"},"diagnostics":[],"reset":true})[0m
[0m[[0m[0mdebug[0m] [0m[0mjsonRpcNotify: JsonRpcNotificationMessage(2.0, build/publishDiagnostics, {"textDocument":{"uri":"file:///D:/scala/bin/Project0/src/main/scala/CardData.scala"},"buildTarget":{"uri":"file:/D:/scala/bin/Project0/#project0/Compile"},"diagnostics":[],"reset":true})[0m
[0m[[0m[0mdebug[0m] [0m[0mjsonRpcNotify: JsonRpcNotificationMessage(2.0, build/taskFinish, {"taskId":{"id":"4","parents":[]},"eventTime":1635349704832,"message":"Compiled project0","status":1,"dataKind":"compile-report","data":{"target":{"uri":"file:/D:/scala/bin/Project0/#project0/Compile"},"errors":0,"warnings":0,"time":6930}})[0m
[0m[[0m[0mdebug[0m] [0m[0mjsonRpcNotify: JsonRpcNotificationMessage(2.0, build/taskStart, {"taskId":{"id":"5","parents":[]},"eventTime":1635349704975,"message":"Compiling project0-test","dataKind":"compile-task","data":{"target":{"uri":"file:/D:/scala/bin/Project0/#project0/Test"}}})[0m
[0m[[0m[0mdebug[0m] [0m[0mjsonRpcNotify: JsonRpcNotificationMessage(2.0, build/taskFinish, {"taskId":{"id":"5","parents":[]},"eventTime":1635349705008,"message":"Compiled project0-test","status":1,"dataKind":"compile-report","data":{"target":{"uri":"file:/D:/scala/bin/Project0/#project0/Test"},"errors":0,"warnings":0,"time":33}})[0m
[0m[[0m[32msuccess[0m] [0m[0mTotal time: 8 s, completed Oct 27, 2021 11:48:25 AM[0m
[0m[[0m[0mdebug[0m] [0m[0munmatched Done event for requestId None: None[0m
[0m[[0m[0mdebug[0m] [0m[0m> Exec(collectAnalyses, None, Some(CommandSource(network-1)))[0m
[0m[[0m[0mdebug[0m] [0m[0munmatched Processing event for requestId None: None[0m
[0m[[0m[0mdebug[0m] [0m[0mEvaluating tasks: Compile / collectAnalyses[0m
[0m[[0m[0mdebug[0m] [0m[0mRunning task... Cancel: bloop.integrations.sbt.Offloader$$anon$1@13f1f7, check cycles: false, forcegc: true[0m
[0m[[0m[0mdebug[0m] [0m[0manalysis location (D:\scala\bin\Project0\target\scala-2.11\zinc\inc_compile_2.11.zip,true)[0m
[0m[[0m[32msuccess[0m] [0m[0mTotal time: 0 s, completed Oct 27, 2021 11:48:25 AM[0m
[0m[[0m[0mdebug[0m] [0m[0munmatched Done event for requestId None: None[0m
[0m[[0m[0mdebug[0m] [0m[0m> Exec(shell, None, None)[0m
[0m[[0m[0mdebug[0m] [0m[0mForcing garbage collection...[0m
